2025-08-28 14:13:24,859 - INFO - Initialized ML Model Trainer with data path: ../database/data.csv
2025-08-28 14:13:24,860 - INFO - === Starting Complete ML Model Training ===
2025-08-28 14:13:24,861 - INFO - Phase 1: Training Demand Forecasting Models
2025-08-28 14:13:24,861 - INFO - Starting Demand Forecasting training...
2025-08-28 14:13:24,861 - INFO - Loading and transforming rental data...
2025-08-28 14:14:22,469 - INFO - Engineering features for time series forecasting...
2025-08-28 14:14:22,643 - ERROR - Error in demand forecasting training: incompatible index of inserted column with frame index
2025-08-28 14:14:22,646 - INFO - Phase 2: Training Anomaly Detection Models
2025-08-28 14:14:22,647 - INFO - Starting Anomaly Detection training...
2025-08-28 14:14:22,650 - INFO - Loading rental data for anomaly detection...
2025-08-28 14:14:22,659 - INFO - Engineering features for anomaly detection...
2025-08-28 14:14:22,670 - INFO - Calculating statistical thresholds...
2025-08-28 14:14:22,673 - INFO - Training anomaly detection models...
2025-08-28 14:14:22,914 - INFO - Running complete anomaly analysis...
2025-08-28 14:14:23,361 - INFO - Anomaly detection training completed successfully. 3 models trained.
2025-08-28 14:14:23,362 - INFO - === Training Summary ===
2025-08-28 14:14:23,363 - INFO - Total training time: 58.50 seconds
2025-08-28 14:14:23,363 - INFO - Total models trained: 3
2025-08-28 14:14:23,364 - INFO - Overall status: partial_success
2025-08-28 14:14:23,364 - INFO - Saving training report to training_report.txt...
2025-08-28 14:14:23,366 - INFO - Training report saved to training_report.txt
2025-08-28 14:31:07,647 - INFO - Initialized ML Model Trainer with data path: ../database/data.csv
2025-08-28 14:31:07,647 - INFO - === Starting Complete ML Model Training ===
2025-08-28 14:31:07,648 - INFO - Phase 1: Training Demand Forecasting Models
2025-08-28 14:31:07,648 - INFO - Starting Demand Forecasting training...
2025-08-28 14:31:07,648 - INFO - Loading and transforming rental data...
2025-08-28 14:31:41,071 - INFO - Engineering features for time series forecasting...
2025-08-28 14:31:42,306 - INFO - Training demand forecasting models...
2025-08-28 14:31:42,495 - ERROR - Error in demand forecasting training: name 'site_data' is not defined
2025-08-28 14:31:42,497 - INFO - Phase 2: Training Anomaly Detection Models
2025-08-28 14:31:42,497 - INFO - Starting Anomaly Detection training...
2025-08-28 14:31:42,498 - INFO - Loading rental data for anomaly detection...
2025-08-28 14:31:42,503 - INFO - Engineering features for anomaly detection...
2025-08-28 14:31:42,510 - INFO - Calculating statistical thresholds...
2025-08-28 14:31:42,513 - INFO - Training anomaly detection models...
2025-08-28 14:31:42,756 - INFO - Running complete anomaly analysis...
2025-08-28 14:31:42,849 - INFO - Anomaly detection training completed successfully. 3 models trained.
2025-08-28 14:31:42,849 - INFO - === Training Summary ===
2025-08-28 14:31:42,850 - INFO - Total training time: 35.20 seconds
2025-08-28 14:31:42,850 - INFO - Total models trained: 3
2025-08-28 14:31:42,850 - INFO - Overall status: partial_success
2025-08-28 14:31:42,850 - INFO - Saving training report to training_report.txt...
2025-08-28 14:31:42,851 - INFO - Training report saved to training_report.txt
2025-08-28 14:32:43,219 - INFO - Initialized ML Model Trainer with data path: ../database/data.csv
2025-08-28 14:32:43,219 - INFO - === Starting Complete ML Model Training ===
2025-08-28 14:32:43,219 - INFO - Phase 1: Training Demand Forecasting Models
2025-08-28 14:32:43,220 - INFO - Starting Demand Forecasting training...
2025-08-28 14:32:43,220 - INFO - Loading and transforming rental data...
2025-08-28 14:33:32,336 - INFO - Engineering features for time series forecasting...
2025-08-28 14:33:34,680 - INFO - Training demand forecasting models...
2025-08-28 14:34:14,680 - INFO - Demand forecasting training completed successfully. 120 models trained.
2025-08-28 14:34:14,700 - INFO - Phase 2: Training Anomaly Detection Models
2025-08-28 14:34:14,701 - INFO - Starting Anomaly Detection training...
2025-08-28 14:34:14,701 - INFO - Loading rental data for anomaly detection...
2025-08-28 14:34:14,711 - INFO - Engineering features for anomaly detection...
2025-08-28 14:34:14,720 - INFO - Calculating statistical thresholds...
2025-08-28 14:34:14,725 - INFO - Training anomaly detection models...
2025-08-28 14:34:14,969 - INFO - Running complete anomaly analysis...
2025-08-28 14:34:15,065 - INFO - Anomaly detection training completed successfully. 3 models trained.
2025-08-28 14:34:15,066 - INFO - === Training Summary ===
2025-08-28 14:34:15,066 - INFO - Total training time: 91.85 seconds
2025-08-28 14:34:15,066 - INFO - Total models trained: 123
2025-08-28 14:34:15,066 - INFO - Overall status: success
2025-08-28 14:34:15,067 - INFO - Saving training report to training_report.txt...
2025-08-28 14:34:15,068 - INFO - Training report saved to training_report.txt
2025-08-28 14:40:06,237 - INFO - Initialized ML Model Trainer with data path: ../database/data.csv
2025-08-28 14:40:06,238 - INFO - === Starting Complete ML Model Training ===
2025-08-28 14:40:06,238 - INFO - Phase 1: Training Demand Forecasting Models
2025-08-28 14:40:06,239 - INFO - Starting Demand Forecasting training...
2025-08-28 14:40:06,239 - INFO - Loading and transforming rental data...
2025-08-28 14:40:40,670 - INFO - Engineering features for time series forecasting...
2025-08-28 14:40:42,021 - INFO - Training demand forecasting models...
2025-08-28 14:41:05,565 - INFO - Demand forecasting training completed successfully. 120 models trained.
2025-08-28 14:41:05,577 - INFO - Phase 2: Training Anomaly Detection Models
2025-08-28 14:41:05,577 - INFO - Starting Anomaly Detection training...
2025-08-28 14:41:05,577 - INFO - Loading rental data for anomaly detection...
2025-08-28 14:41:05,583 - INFO - Engineering features for anomaly detection...
2025-08-28 14:41:05,587 - INFO - Calculating statistical thresholds...
2025-08-28 14:41:05,590 - INFO - Training anomaly detection models...
2025-08-28 14:41:05,734 - INFO - Running complete anomaly analysis...
2025-08-28 14:41:05,804 - INFO - Anomaly detection training completed successfully. 3 models trained.
2025-08-28 14:41:05,805 - INFO - === Training Summary ===
2025-08-28 14:41:05,805 - INFO - Total training time: 59.57 seconds
2025-08-28 14:41:05,806 - INFO - Total models trained: 123
2025-08-28 14:41:05,806 - INFO - Overall status: success
2025-08-28 14:41:05,806 - INFO - Saving training report to training_report.txt...
2025-08-28 14:41:05,808 - INFO - Training report saved to training_report.txt
