2025-08-28 17:08:52,673 - ERROR - Email configuration test failed: (535, b'5.7.8 Username and Password not accepted. For more information, go to\n5.7.8  https://support.google.com/mail/?p=BadCredentials d9443c01a7336-246b21f7be7sm120352435ad.142 - gsmtp')
2025-08-28 17:08:52,692 - ERROR - Error fetching overdue rentals: unsupported operand type(s) for -: 'datetime.date' and 'datetime.datetime'
2025-08-28 17:11:37,464 - ERROR - Email configuration test failed: (535, b'5.7.8 Username and Password not accepted. For more information, go to\n5.7.8  https://support.google.com/mail/?p=BadCredentials 41be03b00d2f7-b49cb891cc9sm13899703a12.10 - gsmtp')
2025-08-28 17:11:37,504 - ERROR - Error fetching overdue rentals: 'Equipment' object has no attribute 'name'
2025-08-28 17:14:15,988 - ERROR - Email configuration test failed: (535, b'5.7.8 Username and Password not accepted. For more information, go to\n5.7.8  https://support.google.com/mail/?p=BadCredentials d2e1a72fcca58-7720310bc1bsm5560725b3a.103 - gsmtp')
2025-08-28 17:14:16,046 - ERROR - Error fetching overdue rentals: 'Site' object has no attribute 'contact_email'
2025-08-28 17:14:16,131 - ERROR - Error fetching overdue rentals: 'Site' object has no attribute 'contact_email'
2025-08-28 17:17:27,334 - ERROR - Email configuration test failed: (535, b'5.7.8 Username and Password not accepted. For more information, go to\n5.7.8  https://support.google.com/mail/?p=BadCredentials d9443c01a7336-248df4ba21dsm16789865ad.15 - gsmtp')
2025-08-28 17:20:11,313 - ERROR - Email configuration test failed: (535, b'5.7.8 Username and Password not accepted. For more information, go to\n5.7.8  https://support.google.com/mail/?p=BadCredentials d9443c01a7336-248eeaebea9sm9887355ad.17 - gsmtp')
2025-08-28 21:25:24,321 - ERROR - Email configuration test failed: (535, b'5.7.8 Username and Password not accepted. For more information, go to\n5.7.8  https://support.google.com/mail/?p=BadCredentials d9443c01a7336-248b44b8142sm41226845ad.120 - gsmtp')
2025-08-28 21:27:09,902 - ERROR - Email configuration test failed: (535, b'5.7.8 Username and Password not accepted. For more information, go to\n5.7.8  https://support.google.com/mail/?p=BadCredentials d2e1a72fcca58-77040010834sm16410588b3a.46 - gsmtp')
2025-08-28 21:28:05,710 - INFO - Email configuration test successful
2025-08-28 21:28:22,999 - INFO - Starting return reminder notifications...
2025-08-28 21:28:22,999 - INFO - No upcoming returns found
2025-08-28 21:28:22,999 - INFO - Starting overdue rental notifications...
2025-08-28 21:28:23,009 - INFO - Found 3 overdue rentals
2025-08-28 21:28:27,526 - INFO - Email sent successfully to maria.rodriguez@heavyequipment.com
2025-08-28 21:28:32,038 - INFO - Email sent successfully to alex.thompson@constructioncorp.com
2025-08-28 21:28:37,531 - INFO - Email sent successfully to alex.thompson@constructioncorp.com
2025-08-28 21:28:37,531 - INFO - Sent 3 overdue rental emails
2025-08-28 21:31:29,593 - INFO - ==================================================
2025-08-28 21:31:29,593 - INFO - Starting scheduled notification run at 2025-08-28 21:31:29.593738
2025-08-28 21:31:31,580 - INFO - Email configuration test successful
2025-08-28 21:31:31,580 - INFO - Sending return reminders...
2025-08-28 21:31:31,580 - INFO - Starting return reminder notifications...
2025-08-28 21:31:31,588 - INFO - No upcoming returns found
2025-08-28 21:31:31,588 - INFO - Sending overdue notifications...
2025-08-28 21:31:31,588 - INFO - Starting overdue rental notifications...
2025-08-28 21:31:31,607 - INFO - Found 3 overdue rentals
2025-08-28 21:31:35,150 - INFO - Email sent successfully to maria.rodriguez@heavyequipment.com
2025-08-28 21:31:39,108 - INFO - Email sent successfully to alex.thompson@constructioncorp.com
2025-08-28 21:31:42,757 - INFO - Email sent successfully to alex.thompson@constructioncorp.com
2025-08-28 21:31:42,757 - INFO - Sent 3 overdue rental emails
2025-08-28 21:31:42,757 - INFO - Scheduled notification run completed successfully
2025-08-28 21:31:42,757 - INFO - ==================================================
2025-08-28 21:31:53,195 - INFO - Starting Smart Rental Tracker Notification Scheduler
2025-08-28 21:31:53,195 - INFO - Schedule:
2025-08-28 21:31:53,195 - INFO -   - Return reminders: Daily at 9:00 AM
2025-08-28 21:31:53,195 - INFO -   - Overdue notifications: Daily at 2:00 PM
2025-08-28 21:31:53,195 - INFO -   - Full notification check: Daily at 6:00 PM
2025-08-28 21:31:53,195 - INFO - Scheduler started. Press Ctrl+C to stop.
2025-08-28 21:32:13,168 - INFO - Scheduler stopped by user
2025-08-28 22:42:45,495 - INFO - Email configuration test successful
2025-08-28 22:42:55,557 - INFO - Starting return reminder notifications...
2025-08-28 22:42:55,557 - INFO - No upcoming returns found
2025-08-28 22:42:55,557 - INFO - Starting overdue rental notifications...
2025-08-28 22:42:55,557 - INFO - Found 3 overdue rentals
2025-08-28 22:43:00,281 - INFO - Email sent successfully to vanshsehgal2019@gmail.com
2025-08-28 22:43:04,338 - INFO - Email sent successfully to adityadhane553@gmail.com
2025-08-28 22:43:08,253 - INFO - Email sent successfully to adityadhane553@gmail.com
2025-08-28 22:43:08,253 - INFO - Sent 3 overdue rental emails
2025-08-28 22:45:34,520 - INFO - Email configuration test successful
2025-08-28 22:48:43,156 - INFO - Email configuration test successful
2025-08-28 22:48:52,136 - INFO - Starting return reminder notifications...
2025-08-28 22:48:52,149 - INFO - Found 4 upcoming returns
2025-08-28 22:48:56,509 - INFO - Email sent successfully to adityadhane553@gmail.com
2025-08-28 22:49:00,492 - INFO - Email sent successfully to adityadhane553@gmail.com
2025-08-28 22:49:04,729 - INFO - Email sent successfully to adityadhane553@gmail.com
2025-08-28 22:49:08,562 - INFO - Email sent successfully to adityadhane553@gmail.com
2025-08-28 22:49:08,562 - INFO - Sent 4 return reminder emails
2025-08-28 22:49:08,562 - INFO - Starting overdue rental notifications...
2025-08-28 22:49:08,562 - INFO - Found 3 overdue rentals
2025-08-28 22:49:12,440 - INFO - Email sent successfully to vanshsehgal2019@gmail.com
2025-08-28 22:49:16,447 - INFO - Email sent successfully to adityadhane553@gmail.com
2025-08-28 22:49:20,175 - INFO - Email sent successfully to adityadhane553@gmail.com
2025-08-28 22:49:20,175 - INFO - Sent 3 overdue rental emails
